<?xml version="1.0" encoding="UTF-8"?>
<!-- Generated by org.testng.reporters.JUnitReportReporter -->
<testsuite hostname="DESKTOP-L36R1QS" failures="0" tests="1" name="p_o_m_frame_work.login_facebook" time="7.787" errors="0" timestamp="2023-05-17T22:11:00 GMT-07:00" skipped="0">
  <testcase classname="p_o_m_frame_work.login_facebook" name="create_account" time="7.787"/>
  <system-out/>
</testsuite> <!-- p_o_m_frame_work.login_facebook -->
