<?xml version="1.0" encoding="UTF-8"?>
<!-- Generated by org.testng.reporters.JUnitReportReporter -->
<testsuite hostname="DESKTOP-L36R1QS" failures="0" tests="2" name="qsp.Para1" time="10.137" errors="0" timestamp="2023-05-19T23:55:34 GMT-07:00" skipped="0">
  <testcase classname="qsp.Para1" name="test1" time="3.331"/>
  <system-out/>
  <testcase classname="qsp.Para1" name="test1" time="6.806"/>
  <system-out/>
</testsuite> <!-- qsp.Para1 -->
