<?xml version="1.0" encoding="UTF-8"?>
<!-- Generated by org.testng.reporters.JUnitReportReporter -->
<testsuite hostname="DESKTOP-L36R1QS" failures="0" tests="2" name="Groups.data1" time="0.012" errors="0" timestamp="2023-05-19T02:55:52 GMT-07:00" skipped="0">
  <testcase classname="Groups.data1" name="test4" time="0.002"/>
  <system-out/>
  <testcase classname="Groups.data1" name="test3" time="0.010"/>
  <system-out/>
</testsuite> <!-- Groups.data1 -->
