<?xml version="1.0" encoding="UTF-8"?>
<!-- Generated by org.testng.reporters.JUnitReportReporter -->
<testsuite hostname="DESKTOP-L36R1QS" failures="0" tests="3" name="l_i_s_t_n_e_r_s.data2" time="0.019" errors="0" timestamp="2023-05-24T02:18:17 GMT-07:00" skipped="0">
  <testcase classname="l_i_s_t_n_e_r_s.data2" name="test1" time="0.014"/>
  <system-out/>
  <testcase classname="l_i_s_t_n_e_r_s.data2" name="test3" time="0.003"/>
  <system-out/>
  <testcase classname="l_i_s_t_n_e_r_s.data2" name="test2" time="0.002"/>
  <system-out/>
</testsuite> <!-- l_i_s_t_n_e_r_s.data2 -->
