<?xml version="1.0" encoding="UTF-8"?>
<!-- Generated by org.testng.reporters.JUnitReportReporter -->
<testsuite hostname="DESKTOP-L36R1QS" failures="0" tests="2" name="qsp.Test1" time="0.006" errors="0" timestamp="2023-05-12T03:11:22 GMT-07:00" skipped="0">
  <testcase classname="qsp.Test1" name="data2" time="0.003"/>
  <system-out>
    <![CDATA[2]]>
  </system-out>
  <testcase classname="qsp.Test1" name="data1" time="0.003"/>
  <system-out>
    <![CDATA[1]]>
  </system-out>
</testsuite> <!-- qsp.Test1 -->
