<?xml version="1.0" encoding="UTF-8"?>
<!-- Generated by org.testng.reporters.JUnitReportReporter -->
<testsuite hostname="DESKTOP-L36R1QS" failures="0" tests="2" name="Priority.script1" time="0.019" errors="0" timestamp="2023-05-17T01:50:03 GMT-07:00" skipped="0">
  <testcase classname="Priority.script1" name="try1" time="0.015"/>
  <system-out>
    <![CDATA[1]]>
  </system-out>
  <testcase classname="Priority.script1" name="try2" time="0.004"/>
  <system-out>
    <![CDATA[2]]>
  </system-out>
</testsuite> <!-- Priority.script1 -->
