<?xml version="1.0" encoding="UTF-8"?>
<!-- Generated by org.testng.reporters.JUnitReportReporter -->
<testsuite hostname="DESKTOP-L36R1QS" failures="0" tests="1" name="qsp.Test2" time="0.009" errors="0" timestamp="2023-05-12T03:11:22 GMT-07:00" skipped="0">
  <testcase classname="qsp.Test2" name="data3" time="0.009"/>
  <system-out>
    <![CDATA[3]]>
  </system-out>
</testsuite> <!-- qsp.Test2 -->
